<?xml version="1.0" encoding="UTF-8"?>
<!-- Generated by org.testng.reporters.JUnitXMLReporter -->
<testsuite ignored="2" hostname="Himanshu-Workspace" failures="0" tests="19" name="OpencartEndToEndFlow" time="16.078" errors="0" timestamp="2023-06-30T07:51:39 IST">
  <testcase classname="com.opencart.testcases.HomePageTests" name="validatingOpenCartTitle" time="0.203"/>
  <testcase classname="com.opencart.testcases.HomePageTests" name="slectingEuroCurrency" time="1.023"/>
  <testcase classname="com.opencart.testcases.HomePageTests" name="slectingPoundCurrency" time="1.241"/>
  <testcase classname="com.opencart.testcases.HomePageTests" name="slectingDollarCurrency" time="0.914"/>
  <testcase classname="com.opencart.testcases.HomePageTests" name="validatingContactUsPageNavigation" time="0.563"/>
  <testcase classname="com.opencart.testcases.HomePageTests" name="validatingRegisterUserPageNavigation" time="0.618"/>
  <testcase classname="com.opencart.testcases.HomePageTests" name="validatingLoginUserPageNavigation" time="0.688"/>
  <testcase classname="com.opencart.testcases.HomePageTests" name="validatingWishlistPageNavigation" time="0.815"/>
  <testcase classname="com.opencart.testcases.HomePageTests" name="validatingShoppingCartPageNavigation" time="0.713"/>
  <testcase classname="com.opencart.testcases.HomePageTests" name="validatingCheckoutPageNavigation" time="0.799"/>
  <testcase classname="com.opencart.testcases.HomePageTests" name="validatingDesktopsPageNavigation" time="1.731"/>
  <testcase classname="com.opencart.testcases.HomePageTests" name="validatingLaptopsAndNotebooksPageNavigation" time="1.218"/>
  <testcase classname="com.opencart.testcases.HomePageTests" name="validatingComponentsPageNavigation" time="0.949"/>
  <testcase classname="com.opencart.testcases.HomePageTests" name="validatingTabletsPageNavigation" time="0.632"/>
  <testcase classname="com.opencart.testcases.HomePageTests" name="validatingSoftwaresPageNavigation" time="0.577"/>
  <testcase classname="com.opencart.testcases.HomePageTests" name="validatingPhonesAndPDAsPageNavigation" time="0.63"/>
  <testcase classname="com.opencart.testcases.HomePageTests" name="validatingCamerasPageNavigation" time="0.761"/>
  <testcase classname="com.opencart.testcases.HomePageTests" name="validatingMp3PlayersPageNavigation" time="1.137"/>
  <testcase classname="com.opencart.testcases.HomePageTests" name="validatingFirstFeaturedProduct" time="0.715"/>
  <testcase classname="com.opencart.driverscript.TestBase" name="@BeforeSuite setup" time="0.0">
    <ignored/>
  </testcase> <!-- @BeforeSuite setup -->
  <testcase classname="com.opencart.driverscript.TestBase" name="@AfterSuite tearDown" time="0.0">
    <ignored/>
  </testcase> <!-- @AfterSuite tearDown -->
</testsuite> <!-- OpencartEndToEndFlow -->
