<?xml version="1.0" encoding="UTF-8"?>
<testng-results ignored="2" total="21" passed="19" failed="0" skipped="0">
  <reporter-output>
  </reporter-output>
  <suite started-at="2023-06-30T07:51:23 IST" name="AutomationSuite" finished-at="2023-06-30T07:51:39 IST" duration-ms="16078">
    <groups>
    </groups>
    <test started-at="2023-06-30T07:51:23 IST" name="OpencartEndToEndFlow" finished-at="2023-06-30T07:51:39 IST" duration-ms="16078">
      <class name="com.opencart.driverscript.TestBase">
        <test-method is-config="true" signature="setup()[pri:0, instance:com.opencart.driverscript.TestBase@12aba8be]" started-at="2023-06-30T07:51:18 IST" name="setup" finished-at="2023-06-30T07:51:23 IST" duration-ms="5241" status="PASS">
          <reporter-output>
          </reporter-output>
        </test-method> <!-- setup -->
        <test-method is-config="true" signature="tearDown()[pri:0, instance:com.opencart.driverscript.TestBase@12aba8be]" started-at="2023-06-30T07:51:39 IST" name="tearDown" finished-at="2023-06-30T07:51:39 IST" duration-ms="229" status="PASS">
          <reporter-output>
          </reporter-output>
        </test-method> <!-- tearDown -->
      </class> <!-- com.opencart.driverscript.TestBase -->
      <class name="com.opencart.testcases.HomePageTests">
        <test-method signature="validatingOpenCartTitle()[pri:1, instance:com.opencart.testcases.HomePageTests@4c1909a3]" started-at="2023-06-30T07:51:23 IST" name="validatingOpenCartTitle" finished-at="2023-06-30T07:51:23 IST" duration-ms="203" status="PASS">
          <reporter-output>
          </reporter-output>
        </test-method> <!-- validatingOpenCartTitle -->
        <test-method signature="slectingEuroCurrency()[pri:2, instance:com.opencart.testcases.HomePageTests@4c1909a3]" started-at="2023-06-30T07:51:23 IST" name="slectingEuroCurrency" finished-at="2023-06-30T07:51:24 IST" duration-ms="1023" status="PASS">
          <reporter-output>
          </reporter-output>
        </test-method> <!-- slectingEuroCurrency -->
        <test-method signature="slectingPoundCurrency()[pri:3, instance:com.opencart.testcases.HomePageTests@4c1909a3]" started-at="2023-06-30T07:51:24 IST" name="slectingPoundCurrency" finished-at="2023-06-30T07:51:25 IST" duration-ms="1241" status="PASS">
          <reporter-output>
          </reporter-output>
        </test-method> <!-- slectingPoundCurrency -->
        <test-method signature="slectingDollarCurrency()[pri:4, instance:com.opencart.testcases.HomePageTests@4c1909a3]" started-at="2023-06-30T07:51:25 IST" name="slectingDollarCurrency" finished-at="2023-06-30T07:51:26 IST" duration-ms="914" status="PASS">
          <reporter-output>
          </reporter-output>
        </test-method> <!-- slectingDollarCurrency -->
        <test-method signature="validatingContactUsPageNavigation()[pri:5, instance:com.opencart.testcases.HomePageTests@4c1909a3]" started-at="2023-06-30T07:51:26 IST" name="validatingContactUsPageNavigation" finished-at="2023-06-30T07:51:27 IST" duration-ms="563" status="PASS">
          <reporter-output>
          </reporter-output>
        </test-method> <!-- validatingContactUsPageNavigation -->
        <test-method signature="validatingRegisterUserPageNavigation()[pri:6, instance:com.opencart.testcases.HomePageTests@4c1909a3]" started-at="2023-06-30T07:51:27 IST" name="validatingRegisterUserPageNavigation" finished-at="2023-06-30T07:51:28 IST" duration-ms="618" status="PASS">
          <reporter-output>
          </reporter-output>
        </test-method> <!-- validatingRegisterUserPageNavigation -->
        <test-method signature="validatingLoginUserPageNavigation()[pri:7, instance:com.opencart.testcases.HomePageTests@4c1909a3]" started-at="2023-06-30T07:51:28 IST" name="validatingLoginUserPageNavigation" finished-at="2023-06-30T07:51:28 IST" duration-ms="688" status="PASS">
          <reporter-output>
          </reporter-output>
        </test-method> <!-- validatingLoginUserPageNavigation -->
        <test-method signature="validatingWishlistPageNavigation()[pri:8, instance:com.opencart.testcases.HomePageTests@4c1909a3]" started-at="2023-06-30T07:51:28 IST" name="validatingWishlistPageNavigation" finished-at="2023-06-30T07:51:29 IST" duration-ms="815" status="PASS">
          <reporter-output>
          </reporter-output>
        </test-method> <!-- validatingWishlistPageNavigation -->
        <test-method signature="validatingShoppingCartPageNavigation()[pri:9, instance:com.opencart.testcases.HomePageTests@4c1909a3]" started-at="2023-06-30T07:51:29 IST" name="validatingShoppingCartPageNavigation" finished-at="2023-06-30T07:51:30 IST" duration-ms="713" status="PASS">
          <reporter-output>
          </reporter-output>
        </test-method> <!-- validatingShoppingCartPageNavigation -->
        <test-method signature="validatingCheckoutPageNavigation()[pri:10, instance:com.opencart.testcases.HomePageTests@4c1909a3]" started-at="2023-06-30T07:51:30 IST" name="validatingCheckoutPageNavigation" finished-at="2023-06-30T07:51:31 IST" duration-ms="799" status="PASS">
          <reporter-output>
          </reporter-output>
        </test-method> <!-- validatingCheckoutPageNavigation -->
        <test-method signature="validatingDesktopsPageNavigation()[pri:11, instance:com.opencart.testcases.HomePageTests@4c1909a3]" started-at="2023-06-30T07:51:31 IST" name="validatingDesktopsPageNavigation" finished-at="2023-06-30T07:51:32 IST" duration-ms="1731" status="PASS">
          <reporter-output>
          </reporter-output>
        </test-method> <!-- validatingDesktopsPageNavigation -->
        <test-method signature="validatingLaptopsAndNotebooksPageNavigation()[pri:12, instance:com.opencart.testcases.HomePageTests@4c1909a3]" started-at="2023-06-30T07:51:32 IST" name="validatingLaptopsAndNotebooksPageNavigation" finished-at="2023-06-30T07:51:34 IST" duration-ms="1218" status="PASS">
          <reporter-output>
          </reporter-output>
        </test-method> <!-- validatingLaptopsAndNotebooksPageNavigation -->
        <test-method signature="validatingComponentsPageNavigation()[pri:13, instance:com.opencart.testcases.HomePageTests@4c1909a3]" started-at="2023-06-30T07:51:34 IST" name="validatingComponentsPageNavigation" finished-at="2023-06-30T07:51:34 IST" duration-ms="949" status="PASS">
          <reporter-output>
          </reporter-output>
        </test-method> <!-- validatingComponentsPageNavigation -->
        <test-method signature="validatingTabletsPageNavigation()[pri:14, instance:com.opencart.testcases.HomePageTests@4c1909a3]" started-at="2023-06-30T07:51:34 IST" name="validatingTabletsPageNavigation" finished-at="2023-06-30T07:51:35 IST" duration-ms="632" status="PASS">
          <reporter-output>
          </reporter-output>
        </test-method> <!-- validatingTabletsPageNavigation -->
        <test-method signature="validatingSoftwaresPageNavigation()[pri:15, instance:com.opencart.testcases.HomePageTests@4c1909a3]" started-at="2023-06-30T07:51:35 IST" name="validatingSoftwaresPageNavigation" finished-at="2023-06-30T07:51:36 IST" duration-ms="577" status="PASS">
          <reporter-output>
          </reporter-output>
        </test-method> <!-- validatingSoftwaresPageNavigation -->
        <test-method signature="validatingPhonesAndPDAsPageNavigation()[pri:16, instance:com.opencart.testcases.HomePageTests@4c1909a3]" started-at="2023-06-30T07:51:36 IST" name="validatingPhonesAndPDAsPageNavigation" finished-at="2023-06-30T07:51:36 IST" duration-ms="630" status="PASS">
          <reporter-output>
          </reporter-output>
        </test-method> <!-- validatingPhonesAndPDAsPageNavigation -->
        <test-method signature="validatingCamerasPageNavigation()[pri:17, instance:com.opencart.testcases.HomePageTests@4c1909a3]" started-at="2023-06-30T07:51:36 IST" name="validatingCamerasPageNavigation" finished-at="2023-06-30T07:51:37 IST" duration-ms="761" status="PASS">
          <reporter-output>
          </reporter-output>
        </test-method> <!-- validatingCamerasPageNavigation -->
        <test-method signature="validatingMp3PlayersPageNavigation()[pri:18, instance:com.opencart.testcases.HomePageTests@4c1909a3]" started-at="2023-06-30T07:51:37 IST" name="validatingMp3PlayersPageNavigation" finished-at="2023-06-30T07:51:38 IST" duration-ms="1137" status="PASS">
          <reporter-output>
          </reporter-output>
        </test-method> <!-- validatingMp3PlayersPageNavigation -->
        <test-method signature="validatingFirstFeaturedProduct()[pri:19, instance:com.opencart.testcases.HomePageTests@4c1909a3]" started-at="2023-06-30T07:51:38 IST" name="validatingFirstFeaturedProduct" finished-at="2023-06-30T07:51:39 IST" duration-ms="715" status="PASS">
          <reporter-output>
          </reporter-output>
        </test-method> <!-- validatingFirstFeaturedProduct -->
      </class> <!-- com.opencart.testcases.HomePageTests -->
    </test> <!-- OpencartEndToEndFlow -->
  </suite> <!-- AutomationSuite -->
</testng-results>
